
  _                   .-=-.          .-==-.       
 { }      __        .' O o '.       /  -<' )--<   
 { }    .' O'.     / o .-. O \     /  .---`       
 { }   / .-. o\   /O  /   \  o\   /O /            
  \ `-` /   \ O`-'o  /     \  O`-`o /             
   `-.-`     '.____.'       `.____.'              

PSG2 / Serpent

A Continuous-energy Monte Carlo Reactor Physics Burnup Calculation Code

 - Version 1.1.18 (August 16, 2012) -- Contact: Jaakko.Leppanen@vtt.fi

 - Parallel calculation mode not available

 - Geometry and mesh plotting available

 - Default data path not set

Begin calculation on Mon Jul 15 15:40:30 2013

Reading input file "/home/asikth/Documents/S2P/stop/examples/fuelpin/fuelpin1/fuelpin_1"...

Processing geometry...
OK.

Reading directory files...
OK.

Calculating isotope fractions...
OK.

Reading data from ACE files:
Isotope   8016.15c (O-16)...
Isotope  11023.09c (Na-23)...
Isotope  26054.09c (Fe-54)...
Isotope  26056.09c (Fe-56)...
Isotope  26057.09c (Fe-57)...
Isotope  26058.09c (Fe-58)...
Isotope  92238.15c (U-238)...
Isotope  94238.09c (Pu-238)...
Isotope  94238.15c (Pu-238)...
Isotope  94239.09c (Pu-239)...
Isotope  94239.15c (Pu-239)...
Isotope  94240.09c (Pu-240)...
Isotope  94240.15c (Pu-240)...
Isotope  94241.09c (Pu-241)...
Isotope  94241.15c (Pu-241)...
Isotope  94242.09c (Pu-242)...
Isotope  94242.15c (Pu-242)...
OK.

Reading energy arrays:
Isotope   8016.15c (O-16)...
Isotope  11023.09c (Na-23)...
Isotope  26054.09c (Fe-54)...
Isotope  26056.09c (Fe-56)...
Isotope  26057.09c (Fe-57)...
Isotope  26058.09c (Fe-58)...
Isotope  92238.15c (U-238)...
Isotope  94238.09c (Pu-238)...
Isotope  94238.15c (Pu-238)...
Isotope  94239.09c (Pu-239)...
Isotope  94239.15c (Pu-239)...
Isotope  94240.09c (Pu-240)...
Isotope  94240.15c (Pu-240)...
Isotope  94241.09c (Pu-241)...
Isotope  94241.15c (Pu-241)...
Isotope  94242.09c (Pu-242)...
Isotope  94242.15c (Pu-242)...
OK.

 - Main grid thinned from 159443 to 137473 points using tolerance 1.00E-05.

 - 25889 important points added resulting in a total of 140437 points.

 - Final grid size 140218 points (1.00E-11 < E < 20.0).

 - Total 2347 points in nubar grid.

 - 2 energy groups in few-group structure.

Processing XS data:
Isotope   8016.15c (O-16)...
Isotope  11023.09c (Na-23)...
Isotope  26054.09c (Fe-54)...
Isotope  26056.09c (Fe-56)...
Isotope  26057.09c (Fe-57)...
Isotope  26058.09c (Fe-58)...
Isotope  92238.15c (U-238)...
Isotope  94238.09c (Pu-238)...
Isotope  94238.15c (Pu-238)...
Isotope  94239.09c (Pu-239)...
Isotope  94239.15c (Pu-239)...
Isotope  94240.09c (Pu-240)...
Isotope  94240.15c (Pu-240)...
Isotope  94241.09c (Pu-241)...
Isotope  94241.15c (Pu-241)...
Isotope  94242.09c (Pu-242)...
Isotope  94242.15c (Pu-242)...
OK.

Finalizing XS data...
OK.

Preparing statistics...
OK.

Setting partial reaction lists for material cross sections...
OK.

Calculating material total cross sections:
material fuel...
material clad...
material sodium...
material Pu238...
material Pu239...
material Pu240...
material Pu241...
material Pu242...
OK.

Starting the transport calculation cycle...

Sampling initial source...
OK.

Inactive cycle   1 /  20: k-eff = 1.37500 (DT thresh = 0.9000)
Inactive cycle   2 /  20: k-eff = 1.34613 (DT thresh = 0.9000)
Inactive cycle   3 /  20: k-eff = 1.31786 (DT thresh = 0.9000)
Inactive cycle   4 /  20: k-eff = 1.41670 (DT thresh = 0.9000)
Inactive cycle   5 /  20: k-eff = 1.31328 (DT thresh = 0.9000)
Inactive cycle   6 /  20: k-eff = 1.34086 (DT thresh = 0.9000)
Inactive cycle   7 /  20: k-eff = 1.34086 (DT thresh = 0.9000)
Inactive cycle   8 /  20: k-eff = 1.28856 (DT thresh = 0.9000)
Inactive cycle   9 /  20: k-eff = 1.28599 (DT thresh = 0.9000)
Inactive cycle  10 /  20: k-eff = 1.34128 (DT thresh = 0.9000)
Inactive cycle  11 /  20: k-eff = 1.38554 (DT thresh = 0.9000)
Inactive cycle  12 /  20: k-eff = 1.35091 (DT thresh = 0.9000)
Inactive cycle  13 /  20: k-eff = 1.29957 (DT thresh = 0.9000)
Inactive cycle  14 /  20: k-eff = 1.32816 (DT thresh = 0.9000)
Inactive cycle  15 /  20: k-eff = 1.33082 (DT thresh = 0.9000)
Inactive cycle  16 /  20: k-eff = 1.34413 (DT thresh = 0.9000)
Inactive cycle  17 /  20: k-eff = 1.33069 (DT thresh = 0.9000)
Inactive cycle  18 /  20: k-eff = 1.38391 (DT thresh = 0.9000)
Inactive cycle  19 /  20: k-eff = 1.28150 (DT thresh = 0.9000)
Inactive cycle  20 /  20: k-eff = 1.27381 (DT thresh = 0.9000)

----- Begin active cycles -----

------------------------------------------------------------

Serpent 1.1.18 -- Criticality source simulation

Title: "FPburn    Sodium cooled pin cell with (U,Pu)O2 fuel"

Active cycle    1 / 50 (1000 source neutrons)

Delta-tracking on: thresh = 0.90, eff = 0.43, frac = 0.80

Running time:                  0:00:14
Estimated running time:        -:--:--
Estimated running time left:   -:--:--

k-eff (analog)   = 1.40884 +/- 0.00000  [1.40884  1.40884]
k-eff (implicit) = 1.31048 +/- 0.00000  [1.31048  1.31048]

------------------------------------------------------------
------------------------------------------------------------

Serpent 1.1.18 -- Criticality source simulation

Title: "FPburn    Sodium cooled pin cell with (U,Pu)O2 fuel"

Active cycle    2 / 50 (1000 source neutrons)

Delta-tracking on: thresh = 0.90, eff = 0.43, frac = 0.80

Running time:                  0:00:15
Estimated running time:        -:--:--
Estimated running time left:   -:--:--

k-eff (analog)   = 1.37503 +/- 0.03381  [1.30875  1.44130]
k-eff (implicit) = 1.31298 +/- 0.00250  [1.30808  1.31787]

------------------------------------------------------------
------------------------------------------------------------

Serpent 1.1.18 -- Criticality source simulation

Title: "FPburn    Sodium cooled pin cell with (U,Pu)O2 fuel"

Active cycle    3 / 50 (1000 source neutrons)

Delta-tracking on: thresh = 0.90, eff = 0.43, frac = 0.80

Running time:                  0:00:15
Estimated running time:        0:00:51
Estimated running time left:   0:00:35

k-eff (analog)   = 1.35481 +/- 0.02810  [1.29974  1.40989]
k-eff (implicit) = 1.31742 +/- 0.00467  [1.30826  1.32658]

------------------------------------------------------------
------------------------------------------------------------

Serpent 1.1.18 -- Criticality source simulation

Title: "FPburn    Sodium cooled pin cell with (U,Pu)O2 fuel"

Active cycle    4 / 50 (1000 source neutrons)

Delta-tracking on: thresh = 0.90, eff = 0.42, frac = 0.80

Running time:                  0:00:16
Estimated running time:        0:00:48
Estimated running time left:   0:00:32

k-eff (analog)   = 1.34865 +/- 0.02080  [1.30788  1.38943]
k-eff (implicit) = 1.33320 +/- 0.01612  [1.30160  1.36481]

------------------------------------------------------------
------------------------------------------------------------

Serpent 1.1.18 -- Criticality source simulation

Title: "FPburn    Sodium cooled pin cell with (U,Pu)O2 fuel"

Active cycle    5 / 50 (1000 source neutrons)

Delta-tracking on: thresh = 0.90, eff = 0.42, frac = 0.80

Running time:                  0:00:16
Estimated running time:        0:00:47
Estimated running time left:   0:00:30

k-eff (analog)   = 1.34043 +/- 0.01809  [1.30497  1.37589]
k-eff (implicit) = 1.33115 +/- 0.01266  [1.30633  1.35596]

------------------------------------------------------------
------------------------------------------------------------

Serpent 1.1.18 -- Criticality source simulation

Title: "FPburn    Sodium cooled pin cell with (U,Pu)O2 fuel"

Active cycle    6 / 50 (1000 source neutrons)

Delta-tracking on: thresh = 0.90, eff = 0.43, frac = 0.80

Running time:                  0:00:17
Estimated running time:        0:00:46
Estimated running time left:   0:00:29

k-eff (analog)   = 1.34236 +/- 0.01490  [1.31316  1.37156]
k-eff (implicit) = 1.33766 +/- 0.01222  [1.31371  1.36160]

------------------------------------------------------------
------------------------------------------------------------

Serpent 1.1.18 -- Criticality source simulation

Title: "FPburn    Sodium cooled pin cell with (U,Pu)O2 fuel"

Active cycle    7 / 50 (1000 source neutrons)

Delta-tracking on: thresh = 0.90, eff = 0.43, frac = 0.80

Running time:                  0:00:17
Estimated running time:        0:00:45
Estimated running time left:   0:00:27

k-eff (analog)   = 1.34007 +/- 0.01280  [1.31499  1.36515]
k-eff (implicit) = 1.33931 +/- 0.01046  [1.31882  1.35981]

------------------------------------------------------------
------------------------------------------------------------

Serpent 1.1.18 -- Criticality source simulation

Title: "FPburn    Sodium cooled pin cell with (U,Pu)O2 fuel"

Active cycle    8 / 50 (1000 source neutrons)

Delta-tracking on: thresh = 0.90, eff = 0.43, frac = 0.80

Running time:                  0:00:18
Estimated running time:        0:00:45
Estimated running time left:   0:00:26

k-eff (analog)   = 1.33503 +/- 0.01217  [1.31118  1.35889]
k-eff (implicit) = 1.34358 +/- 0.01001  [1.32396  1.36320]

------------------------------------------------------------
------------------------------------------------------------

Serpent 1.1.18 -- Criticality source simulation

Title: "FPburn    Sodium cooled pin cell with (U,Pu)O2 fuel"

Active cycle    9 / 50 (1000 source neutrons)

Delta-tracking on: thresh = 0.90, eff = 0.43, frac = 0.80

Running time:                  0:00:19
Estimated running time:        0:00:44
Estimated running time left:   0:00:25

k-eff (analog)   = 1.33328 +/- 0.01088  [1.31197  1.35460]
k-eff (implicit) = 1.34399 +/- 0.00884  [1.32667  1.36132]

------------------------------------------------------------
------------------------------------------------------------

Serpent 1.1.18 -- Criticality source simulation

Title: "FPburn    Sodium cooled pin cell with (U,Pu)O2 fuel"

Active cycle   10 / 50 (1000 source neutrons)

Delta-tracking on: thresh = 0.90, eff = 0.43, frac = 0.80

Running time:                  0:00:19
Estimated running time:        0:00:44
Estimated running time left:   0:00:24

k-eff (analog)   = 1.33558 +/- 0.00999  [1.31599  1.35517]
k-eff (implicit) = 1.34503 +/- 0.00797  [1.32940  1.36065]

------------------------------------------------------------
------------------------------------------------------------

Serpent 1.1.18 -- Criticality source simulation

Title: "FPburn    Sodium cooled pin cell with (U,Pu)O2 fuel"

Active cycle   11 / 50 (1000 source neutrons)

Delta-tracking on: thresh = 0.90, eff = 0.43, frac = 0.80

Running time:                  0:00:20
Estimated running time:        0:00:44
Estimated running time left:   0:00:24

k-eff (analog)   = 1.33561 +/- 0.00904  [1.31789  1.35333]
k-eff (implicit) = 1.34415 +/- 0.00726  [1.32991  1.35839]

------------------------------------------------------------
------------------------------------------------------------

Serpent 1.1.18 -- Criticality source simulation

Title: "FPburn    Sodium cooled pin cell with (U,Pu)O2 fuel"

Active cycle   12 / 50 (1000 source neutrons)

Delta-tracking on: thresh = 0.90, eff = 0.43, frac = 0.80

Running time:                  0:00:20
Estimated running time:        0:00:44
Estimated running time left:   0:00:23

k-eff (analog)   = 1.33619 +/- 0.00827  [1.31997  1.35240]
k-eff (implicit) = 1.34240 +/- 0.00686  [1.32896  1.35584]

------------------------------------------------------------
------------------------------------------------------------

Serpent 1.1.18 -- Criticality source simulation

Title: "FPburn    Sodium cooled pin cell with (U,Pu)O2 fuel"

Active cycle   13 / 50 (1000 source neutrons)

Delta-tracking on: thresh = 0.90, eff = 0.43, frac = 0.80

Running time:                  0:00:21
Estimated running time:        0:00:44
Estimated running time left:   0:00:22

k-eff (analog)   = 1.33120 +/- 0.00910  [1.31337  1.34903]
k-eff (implicit) = 1.34148 +/- 0.00638  [1.32899  1.35398]

------------------------------------------------------------
------------------------------------------------------------

Serpent 1.1.18 -- Criticality source simulation

Title: "FPburn    Sodium cooled pin cell with (U,Pu)O2 fuel"

Active cycle   14 / 50 (1000 source neutrons)

Delta-tracking on: thresh = 0.90, eff = 0.43, frac = 0.80

Running time:                  0:00:21
Estimated running time:        0:00:44
Estimated running time left:   0:00:22

k-eff (analog)   = 1.33556 +/- 0.00948  [1.31698  1.35414]
k-eff (implicit) = 1.34134 +/- 0.00590  [1.32976  1.35291]

------------------------------------------------------------
------------------------------------------------------------

Serpent 1.1.18 -- Criticality source simulation

Title: "FPburn    Sodium cooled pin cell with (U,Pu)O2 fuel"

Active cycle   15 / 50 (1000 source neutrons)

Delta-tracking on: thresh = 0.90, eff = 0.43, frac = 0.80

Running time:                  0:00:22
Estimated running time:        0:00:43
Estimated running time left:   0:00:21

k-eff (analog)   = 1.33265 +/- 0.00929  [1.31444  1.35087]
k-eff (implicit) = 1.34025 +/- 0.00560  [1.32926  1.35123]

------------------------------------------------------------
------------------------------------------------------------

Serpent 1.1.18 -- Criticality source simulation

Title: "FPburn    Sodium cooled pin cell with (U,Pu)O2 fuel"

Active cycle   16 / 50 (1000 source neutrons)

Delta-tracking on: thresh = 0.90, eff = 0.43, frac = 0.80

Running time:                  0:00:23
Estimated running time:        0:00:43
Estimated running time left:   0:00:20

k-eff (analog)   = 1.33043 +/- 0.00897  [1.31285  1.34802]
k-eff (implicit) = 1.34054 +/- 0.00525  [1.33025  1.35083]

------------------------------------------------------------
------------------------------------------------------------

Serpent 1.1.18 -- Criticality source simulation

Title: "FPburn    Sodium cooled pin cell with (U,Pu)O2 fuel"

Active cycle   17 / 50 (1000 source neutrons)

Delta-tracking on: thresh = 0.90, eff = 0.43, frac = 0.80

Running time:                  0:00:23
Estimated running time:        0:00:43
Estimated running time left:   0:00:20

k-eff (analog)   = 1.33259 +/- 0.00870  [1.31554  1.34965]
k-eff (implicit) = 1.34009 +/- 0.00495  [1.33039  1.34980]

------------------------------------------------------------
------------------------------------------------------------

Serpent 1.1.18 -- Criticality source simulation

Title: "FPburn    Sodium cooled pin cell with (U,Pu)O2 fuel"

Active cycle   18 / 50 (1000 source neutrons)

Delta-tracking on: thresh = 0.90, eff = 0.43, frac = 0.80

Running time:                  0:00:24
Estimated running time:        0:00:43
Estimated running time left:   0:00:19

k-eff (analog)   = 1.33398 +/- 0.00832  [1.31768  1.35029]
k-eff (implicit) = 1.34040 +/- 0.00468  [1.33123  1.34958]

------------------------------------------------------------
------------------------------------------------------------

Serpent 1.1.18 -- Criticality source simulation

Title: "FPburn    Sodium cooled pin cell with (U,Pu)O2 fuel"

Active cycle   19 / 50 (1000 source neutrons)

Delta-tracking on: thresh = 0.90, eff = 0.43, frac = 0.80

Running time:                  0:00:24
Estimated running time:        0:00:43
Estimated running time left:   0:00:18

k-eff (analog)   = 1.33637 +/- 0.00822  [1.32025  1.35249]
k-eff (implicit) = 1.34031 +/- 0.00443  [1.33163  1.34899]

------------------------------------------------------------
------------------------------------------------------------

Serpent 1.1.18 -- Criticality source simulation

Title: "FPburn    Sodium cooled pin cell with (U,Pu)O2 fuel"

Active cycle   20 / 50 (1000 source neutrons)

Delta-tracking on: thresh = 0.90, eff = 0.43, frac = 0.80

Running time:                  0:00:25
Estimated running time:        0:00:43
Estimated running time left:   0:00:18

k-eff (analog)   = 1.33790 +/- 0.00795  [1.32231  1.35348]
k-eff (implicit) = 1.34199 +/- 0.00452  [1.33312  1.35085]

------------------------------------------------------------
------------------------------------------------------------

Serpent 1.1.18 -- Criticality source simulation

Title: "FPburn    Sodium cooled pin cell with (U,Pu)O2 fuel"

Active cycle   21 / 50 (1000 source neutrons)

Delta-tracking on: thresh = 0.90, eff = 0.43, frac = 0.80

Running time:                  0:00:26
Estimated running time:        0:00:43
Estimated running time left:   0:00:17

k-eff (analog)   = 1.33856 +/- 0.00759  [1.32368  1.35344]
k-eff (implicit) = 1.34177 +/- 0.00431  [1.33333  1.35022]

------------------------------------------------------------
------------------------------------------------------------

Serpent 1.1.18 -- Criticality source simulation

Title: "FPburn    Sodium cooled pin cell with (U,Pu)O2 fuel"

Active cycle   22 / 50 (1000 source neutrons)

Delta-tracking on: thresh = 0.90, eff = 0.43, frac = 0.80

Running time:                  0:00:26
Estimated running time:        0:00:43
Estimated running time left:   0:00:16

k-eff (analog)   = 1.33849 +/- 0.00724  [1.32430  1.35268]
k-eff (implicit) = 1.34161 +/- 0.00411  [1.33356  1.34967]

------------------------------------------------------------
------------------------------------------------------------

Serpent 1.1.18 -- Criticality source simulation

Title: "FPburn    Sodium cooled pin cell with (U,Pu)O2 fuel"

Active cycle   23 / 50 (1000 source neutrons)

Delta-tracking on: thresh = 0.90, eff = 0.43, frac = 0.80

Running time:                  0:00:27
Estimated running time:        0:00:43
Estimated running time left:   0:00:16

k-eff (analog)   = 1.33889 +/- 0.00693  [1.32531  1.35247]
k-eff (implicit) = 1.34217 +/- 0.00397  [1.33440  1.34995]

------------------------------------------------------------
------------------------------------------------------------

Serpent 1.1.18 -- Criticality source simulation

Title: "FPburn    Sodium cooled pin cell with (U,Pu)O2 fuel"

Active cycle   24 / 50 (1000 source neutrons)

Delta-tracking on: thresh = 0.90, eff = 0.43, frac = 0.80

Running time:                  0:00:27
Estimated running time:        0:00:43
Estimated running time left:   0:00:15

k-eff (analog)   = 1.33937 +/- 0.00665  [1.32634  1.35240]
k-eff (implicit) = 1.34196 +/- 0.00380  [1.33450  1.34942]

------------------------------------------------------------
------------------------------------------------------------

Serpent 1.1.18 -- Criticality source simulation

Title: "FPburn    Sodium cooled pin cell with (U,Pu)O2 fuel"

Active cycle   25 / 50 (1000 source neutrons)

Delta-tracking on: thresh = 0.90, eff = 0.43, frac = 0.80

Running time:                  0:00:28
Estimated running time:        0:00:43
Estimated running time left:   0:00:15

k-eff (analog)   = 1.33625 +/- 0.00710  [1.32232  1.35017]
k-eff (implicit) = 1.33991 +/- 0.00418  [1.33171  1.34811]

------------------------------------------------------------
------------------------------------------------------------

Serpent 1.1.18 -- Criticality source simulation

Title: "FPburn    Sodium cooled pin cell with (U,Pu)O2 fuel"

Active cycle   26 / 50 (1000 source neutrons)

Delta-tracking on: thresh = 0.90, eff = 0.43, frac = 0.80

Running time:                  0:00:29
Estimated running time:        0:00:43
Estimated running time left:   0:00:14

k-eff (analog)   = 1.33516 +/- 0.00691  [1.32161  1.34870]
k-eff (implicit) = 1.34072 +/- 0.00410  [1.33268  1.34875]

------------------------------------------------------------
------------------------------------------------------------

Serpent 1.1.18 -- Criticality source simulation

Title: "FPburn    Sodium cooled pin cell with (U,Pu)O2 fuel"

Active cycle   27 / 50 (1000 source neutrons)

Delta-tracking on: thresh = 0.90, eff = 0.43, frac = 0.80

Running time:                  0:00:29
Estimated running time:        0:00:43
Estimated running time left:   0:00:13

k-eff (analog)   = 1.33890 +/- 0.00763  [1.32394  1.35385]
k-eff (implicit) = 1.34033 +/- 0.00396  [1.33256  1.34809]

------------------------------------------------------------
------------------------------------------------------------

Serpent 1.1.18 -- Criticality source simulation

Title: "FPburn    Sodium cooled pin cell with (U,Pu)O2 fuel"

Active cycle   28 / 50 (1000 source neutrons)

Delta-tracking on: thresh = 0.90, eff = 0.43, frac = 0.80

Running time:                  0:00:30
Estimated running time:        0:00:43
Estimated running time left:   0:00:13

k-eff (analog)   = 1.34144 +/- 0.00778  [1.32619  1.35669]
k-eff (implicit) = 1.34036 +/- 0.00382  [1.33287  1.34785]

------------------------------------------------------------
------------------------------------------------------------

Serpent 1.1.18 -- Criticality source simulation

Title: "FPburn    Sodium cooled pin cell with (U,Pu)O2 fuel"

Active cycle   29 / 50 (1000 source neutrons)

Delta-tracking on: thresh = 0.90, eff = 0.43, frac = 0.80

Running time:                  0:00:30
Estimated running time:        0:00:43
Estimated running time left:   0:00:12

k-eff (analog)   = 1.34231 +/- 0.00756  [1.32750  1.35712]
k-eff (implicit) = 1.34138 +/- 0.00382  [1.33388  1.34887]

------------------------------------------------------------
------------------------------------------------------------

Serpent 1.1.18 -- Criticality source simulation

Title: "FPburn    Sodium cooled pin cell with (U,Pu)O2 fuel"

Active cycle   30 / 50 (1000 source neutrons)

Delta-tracking on: thresh = 0.90, eff = 0.43, frac = 0.80

Running time:                  0:00:31
Estimated running time:        0:00:43
Estimated running time left:   0:00:11

k-eff (analog)   = 1.33988 +/- 0.00769  [1.32480  1.35496]
k-eff (implicit) = 1.34139 +/- 0.00369  [1.33415  1.34863]

------------------------------------------------------------
------------------------------------------------------------

Serpent 1.1.18 -- Criticality source simulation

Title: "FPburn    Sodium cooled pin cell with (U,Pu)O2 fuel"

Active cycle   31 / 50 (1000 source neutrons)

Delta-tracking on: thresh = 0.90, eff = 0.43, frac = 0.80

Running time:                  0:00:31
Estimated running time:        0:00:43
Estimated running time left:   0:00:11

k-eff (analog)   = 1.33982 +/- 0.00744  [1.32524  1.35441]
k-eff (implicit) = 1.34173 +/- 0.00359  [1.33469  1.34876]

------------------------------------------------------------
------------------------------------------------------------

Serpent 1.1.18 -- Criticality source simulation

Title: "FPburn    Sodium cooled pin cell with (U,Pu)O2 fuel"

Active cycle   32 / 50 (1000 source neutrons)

Delta-tracking on: thresh = 0.90, eff = 0.43, frac = 0.80

Running time:                  0:00:32
Estimated running time:        0:00:43
Estimated running time left:   0:00:10

k-eff (analog)   = 1.34098 +/- 0.00730  [1.32668  1.35529]
k-eff (implicit) = 1.34166 +/- 0.00348  [1.33485  1.34848]

------------------------------------------------------------
------------------------------------------------------------

Serpent 1.1.18 -- Criticality source simulation

Title: "FPburn    Sodium cooled pin cell with (U,Pu)O2 fuel"

Active cycle   33 / 50 (1000 source neutrons)

Delta-tracking on: thresh = 0.90, eff = 0.43, frac = 0.80

Running time:                  0:00:32
Estimated running time:        0:00:43
Estimated running time left:   0:00:10

k-eff (analog)   = 1.34099 +/- 0.00707  [1.32712  1.35485]
k-eff (implicit) = 1.34123 +/- 0.00340  [1.33458  1.34789]

------------------------------------------------------------
------------------------------------------------------------

Serpent 1.1.18 -- Criticality source simulation

Title: "FPburn    Sodium cooled pin cell with (U,Pu)O2 fuel"

Active cycle   34 / 50 (1000 source neutrons)

Delta-tracking on: thresh = 0.90, eff = 0.43, frac = 0.80

Running time:                  0:00:33
Estimated running time:        0:00:42
Estimated running time left:   0:00:09

k-eff (analog)   = 1.34040 +/- 0.00689  [1.32690  1.35389]
k-eff (implicit) = 1.34235 +/- 0.00348  [1.33553  1.34917]

------------------------------------------------------------
------------------------------------------------------------

Serpent 1.1.18 -- Criticality source simulation

Title: "FPburn    Sodium cooled pin cell with (U,Pu)O2 fuel"

Active cycle   35 / 50 (1000 source neutrons)

Delta-tracking on: thresh = 0.90, eff = 0.43, frac = 0.80

Running time:                  0:00:34
Estimated running time:        0:00:42
Estimated running time left:   0:00:08

k-eff (analog)   = 1.33961 +/- 0.00673  [1.32642  1.35281]
k-eff (implicit) = 1.34254 +/- 0.00338  [1.33591  1.34917]

------------------------------------------------------------
------------------------------------------------------------

Serpent 1.1.18 -- Criticality source simulation

Title: "FPburn    Sodium cooled pin cell with (U,Pu)O2 fuel"

Active cycle   36 / 50 (1000 source neutrons)

Delta-tracking on: thresh = 0.90, eff = 0.43, frac = 0.80

Running time:                  0:00:34
Estimated running time:        0:00:42
Estimated running time left:   0:00:08

k-eff (analog)   = 1.33906 +/- 0.00657  [1.32619  1.35193]
k-eff (implicit) = 1.34252 +/- 0.00329  [1.33608  1.34896]

------------------------------------------------------------
------------------------------------------------------------

Serpent 1.1.18 -- Criticality source simulation

Title: "FPburn    Sodium cooled pin cell with (U,Pu)O2 fuel"

Active cycle   37 / 50 (1000 source neutrons)

Delta-tracking on: thresh = 0.90, eff = 0.43, frac = 0.80

Running time:                  0:00:35
Estimated running time:        0:00:42
Estimated running time left:   0:00:07

k-eff (analog)   = 1.34067 +/- 0.00659  [1.32776  1.35358]
k-eff (implicit) = 1.34281 +/- 0.00321  [1.33652  1.34910]

------------------------------------------------------------
------------------------------------------------------------

Serpent 1.1.18 -- Criticality source simulation

Title: "FPburn    Sodium cooled pin cell with (U,Pu)O2 fuel"

Active cycle   38 / 50 (1000 source neutrons)

Delta-tracking on: thresh = 0.90, eff = 0.43, frac = 0.80

Running time:                  0:00:35
Estimated running time:        0:00:42
Estimated running time left:   0:00:07

k-eff (analog)   = 1.34121 +/- 0.00643  [1.32860  1.35382]
k-eff (implicit) = 1.34182 +/- 0.00328  [1.33540  1.34825]

------------------------------------------------------------
------------------------------------------------------------

Serpent 1.1.18 -- Criticality source simulation

Title: "FPburn    Sodium cooled pin cell with (U,Pu)O2 fuel"

Active cycle   39 / 50 (1000 source neutrons)

Delta-tracking on: thresh = 0.90, eff = 0.43, frac = 0.80

Running time:                  0:00:36
Estimated running time:        0:00:42
Estimated running time left:   0:00:06

k-eff (analog)   = 1.34011 +/- 0.00636  [1.32764  1.35258]
k-eff (implicit) = 1.34087 +/- 0.00333  [1.33434  1.34740]

------------------------------------------------------------
------------------------------------------------------------

Serpent 1.1.18 -- Criticality source simulation

Title: "FPburn    Sodium cooled pin cell with (U,Pu)O2 fuel"

Active cycle   40 / 50 (1000 source neutrons)

Delta-tracking on: thresh = 0.90, eff = 0.43, frac = 0.80

Running time:                  0:00:37
Estimated running time:        0:00:42
Estimated running time left:   0:00:05

k-eff (analog)   = 1.33920 +/- 0.00627  [1.32691  1.35148]
k-eff (implicit) = 1.34118 +/- 0.00326  [1.33479  1.34758]

------------------------------------------------------------
------------------------------------------------------------

Serpent 1.1.18 -- Criticality source simulation

Title: "FPburn    Sodium cooled pin cell with (U,Pu)O2 fuel"

Active cycle   41 / 50 (1000 source neutrons)

Delta-tracking on: thresh = 0.90, eff = 0.43, frac = 0.80

Running time:                  0:00:37
Estimated running time:        0:00:42
Estimated running time left:   0:00:05

k-eff (analog)   = 1.34027 +/- 0.00621  [1.32810  1.35243]
k-eff (implicit) = 1.34078 +/- 0.00321  [1.33449  1.34707]

------------------------------------------------------------
------------------------------------------------------------

Serpent 1.1.18 -- Criticality source simulation

Title: "FPburn    Sodium cooled pin cell with (U,Pu)O2 fuel"

Active cycle   42 / 50 (1000 source neutrons)

Delta-tracking on: thresh = 0.90, eff = 0.43, frac = 0.80

Running time:                  0:00:38
Estimated running time:        0:00:42
Estimated running time left:   0:00:04

k-eff (analog)   = 1.34122 +/- 0.00613  [1.32920  1.35324]
k-eff (implicit) = 1.34132 +/- 0.00318  [1.33510  1.34755]

------------------------------------------------------------
------------------------------------------------------------

Serpent 1.1.18 -- Criticality source simulation

Title: "FPburn    Sodium cooled pin cell with (U,Pu)O2 fuel"

Active cycle   43 / 50 (1000 source neutrons)

Delta-tracking on: thresh = 0.90, eff = 0.43, frac = 0.80

Running time:                  0:00:38
Estimated running time:        0:00:42
Estimated running time left:   0:00:04

k-eff (analog)   = 1.34050 +/- 0.00603  [1.32867  1.35232]
k-eff (implicit) = 1.34155 +/- 0.00311  [1.33546  1.34765]

------------------------------------------------------------
------------------------------------------------------------

Serpent 1.1.18 -- Criticality source simulation

Title: "FPburn    Sodium cooled pin cell with (U,Pu)O2 fuel"

Active cycle   44 / 50 (1000 source neutrons)

Delta-tracking on: thresh = 0.90, eff = 0.43, frac = 0.80

Running time:                  0:00:39
Estimated running time:        0:00:42
Estimated running time left:   0:00:03

k-eff (analog)   = 1.33906 +/- 0.00607  [1.32717  1.35095]
k-eff (implicit) = 1.34122 +/- 0.00306  [1.33523  1.34721]

------------------------------------------------------------
------------------------------------------------------------

Serpent 1.1.18 -- Criticality source simulation

Title: "FPburn    Sodium cooled pin cell with (U,Pu)O2 fuel"

Active cycle   45 / 50 (1000 source neutrons)

Delta-tracking on: thresh = 0.90, eff = 0.43, frac = 0.80

Running time:                  0:00:39
Estimated running time:        0:00:42
Estimated running time left:   0:00:02

k-eff (analog)   = 1.33808 +/- 0.00601  [1.32630  1.34986]
k-eff (implicit) = 1.34154 +/- 0.00301  [1.33565  1.34743]

------------------------------------------------------------
------------------------------------------------------------

Serpent 1.1.18 -- Criticality source simulation

Title: "FPburn    Sodium cooled pin cell with (U,Pu)O2 fuel"

Active cycle   46 / 50 (1000 source neutrons)

Delta-tracking on: thresh = 0.90, eff = 0.43, frac = 0.80

Running time:                  0:00:40
Estimated running time:        0:00:42
Estimated running time left:   0:00:02

k-eff (analog)   = 1.33714 +/- 0.00595  [1.32548  1.34881]
k-eff (implicit) = 1.34059 +/- 0.00309  [1.33454  1.34664]

------------------------------------------------------------
------------------------------------------------------------

Serpent 1.1.18 -- Criticality source simulation

Title: "FPburn    Sodium cooled pin cell with (U,Pu)O2 fuel"

Active cycle   47 / 50 (1000 source neutrons)

Delta-tracking on: thresh = 0.90, eff = 0.43, frac = 0.80

Running time:                  0:00:41
Estimated running time:        0:00:42
Estimated running time left:   0:00:01

k-eff (analog)   = 1.33754 +/- 0.00584  [1.32610  1.34898]
k-eff (implicit) = 1.34077 +/- 0.00303  [1.33484  1.34671]

------------------------------------------------------------
------------------------------------------------------------

Serpent 1.1.18 -- Criticality source simulation

Title: "FPburn    Sodium cooled pin cell with (U,Pu)O2 fuel"

Active cycle   48 / 50 (1000 source neutrons)

Delta-tracking on: thresh = 0.90, eff = 0.43, frac = 0.80

Running time:                  0:00:41
Estimated running time:        0:00:42
Estimated running time left:   0:00:01

k-eff (analog)   = 1.33759 +/- 0.00571  [1.32639  1.34879]
k-eff (implicit) = 1.34094 +/- 0.00297  [1.33512  1.34676]

------------------------------------------------------------
------------------------------------------------------------

Serpent 1.1.18 -- Criticality source simulation

Title: "FPburn    Sodium cooled pin cell with (U,Pu)O2 fuel"

Active cycle   49 / 50 (1000 source neutrons)

Delta-tracking on: thresh = 0.90, eff = 0.43, frac = 0.80

Running time:                  0:00:42
Estimated running time:        0:00:42
Estimated running time left:   0:00:00

k-eff (analog)   = 1.33706 +/- 0.00562  [1.32604  1.34808]
k-eff (implicit) = 1.34088 +/- 0.00291  [1.33518  1.34658]

------------------------------------------------------------
------------------------------------------------------------

Serpent 1.1.18 -- Criticality source simulation

Title: "FPburn    Sodium cooled pin cell with (U,Pu)O2 fuel"

Active cycle   50 / 50 (1000 source neutrons)

Delta-tracking on: thresh = 0.90, eff = 0.43, frac = 0.80

Running time:                  0:00:42
Estimated running time:        0:00:42
Estimated running time left:   0:00:00

k-eff (analog)   = 1.33804 +/- 0.00560  [1.32708  1.34901]
k-eff (implicit) = 1.34141 +/- 0.00290  [1.33573  1.34709]

------------------------------------------------------------

Finished after 50 active cycles of 1000 source neutrons.
Total calculation time 0.71 minutes.

No errors or warning messages.

